{
    "status": "failed",
    "passed": false,
    "tests_run": 117,
    "tests_passed": 111,
    "tests_failed": 6,
    "syntax_errors": [],
    "import_errors": [],
    "runtime_errors": [
        "google.api_core.universe.UniverseMismatchError: The configured universe domain (googleapis.com) does not match the universe domain found in the credentials (MagicMock). Mock credentials need universe_domain attribute set to 'googleapis.com'."
    ],
    "test_details": [
        {"name": "tests/test_config.py::TestServiceAccountCredentials::test_valid_service_account_info", "status": "passed", "error": null},
        {"name": "tests/test_config.py::TestServiceAccountCredentials::test_valid_service_account_file", "status": "passed", "error": null},
        {"name": "tests/test_config.py::TestServiceAccountCredentials::test_service_account_info_as_json_string", "status": "passed", "error": null},
        {"name": "tests/test_config.py::TestServiceAccountCredentials::test_missing_credentials_source_fails", "status": "passed", "error": null},
        {"name": "tests/test_config.py::TestServiceAccountCredentials::test_invalid_json_string_fails", "status": "passed", "error": null},
        {"name": "tests/test_config.py::TestServiceAccountCredentials::test_auth_type_is_literal", "status": "passed", "error": null},
        {"name": "tests/test_config.py::TestOAuth2Credentials::test_valid_oauth2_credentials", "status": "passed", "error": null},
        {"name": "tests/test_config.py::TestOAuth2Credentials::test_oauth2_with_access_token", "status": "passed", "error": null},
        {"name": "tests/test_config.py::TestOAuth2Credentials::test_missing_client_id_fails", "status": "passed", "error": null},
        {"name": "tests/test_config.py::TestOAuth2Credentials::test_missing_client_secret_fails", "status": "passed", "error": null},
        {"name": "tests/test_config.py::TestOAuth2Credentials::test_missing_refresh_token_fails", "status": "passed", "error": null},
        {"name": "tests/test_config.py::TestOAuth2Credentials::test_empty_client_id_fails", "status": "passed", "error": null},
        {"name": "tests/test_config.py::TestGoogleSheetsConfig::test_valid_config_with_service_account", "status": "passed", "error": null},
        {"name": "tests/test_config.py::TestGoogleSheetsConfig::test_valid_config_with_oauth2", "status": "passed", "error": null},
        {"name": "tests/test_config.py::TestGoogleSheetsConfig::test_spreadsheet_id_from_url", "status": "passed", "error": null},
        {"name": "tests/test_config.py::TestGoogleSheetsConfig::test_missing_spreadsheet_id_fails", "status": "passed", "error": null},
        {"name": "tests/test_config.py::TestGoogleSheetsConfig::test_empty_spreadsheet_id_fails", "status": "passed", "error": null},
        {"name": "tests/test_config.py::TestGoogleSheetsConfig::test_invalid_spreadsheet_id_format_fails", "status": "passed", "error": null},
        {"name": "tests/test_config.py::TestGoogleSheetsConfig::test_missing_credentials_fails", "status": "passed", "error": null},
        {"name": "tests/test_config.py::TestGoogleSheetsConfig::test_default_values", "status": "passed", "error": null},
        {"name": "tests/test_config.py::TestGoogleSheetsConfig::test_custom_batch_size", "status": "passed", "error": null},
        {"name": "tests/test_config.py::TestGoogleSheetsConfig::test_batch_size_min_validation", "status": "passed", "error": null},
        {"name": "tests/test_config.py::TestGoogleSheetsConfig::test_batch_size_max_validation", "status": "passed", "error": null},
        {"name": "tests/test_config.py::TestGoogleSheetsConfig::test_invalid_value_render_option_fails", "status": "passed", "error": null},
        {"name": "tests/test_config.py::TestGoogleSheetsConfig::test_invalid_datetime_render_option_fails", "status": "passed", "error": null},
        {"name": "tests/test_config.py::TestGoogleSheetsConfig::test_get_credentials_dict_service_account", "status": "passed", "error": null},
        {"name": "tests/test_config.py::TestGoogleSheetsConfig::test_get_credentials_dict_oauth2", "status": "passed", "error": null},
        {"name": "tests/test_config.py::TestGoogleSheetsConfig::test_should_sync_sheet_default", "status": "passed", "error": null},
        {"name": "tests/test_config.py::TestGoogleSheetsConfig::test_should_sync_sheet_with_selection", "status": "passed", "error": null},
        {"name": "tests/test_config.py::TestGoogleSheetsConfig::test_should_sync_sheet_with_exclusion", "status": "passed", "error": null},
        {"name": "tests/test_config.py::TestGoogleSheetsConfig::test_from_json", "status": "passed", "error": null},
        {"name": "tests/test_config.py::TestConfigSchema::test_schema_has_required_properties", "status": "passed", "error": null},
        {"name": "tests/test_config.py::TestConfigSchema::test_schema_properties_structure", "status": "passed", "error": null},
        {"name": "tests/test_config.py::TestDiscriminatorValidation::test_discriminator_service_account", "status": "passed", "error": null},
        {"name": "tests/test_config.py::TestDiscriminatorValidation::test_discriminator_oauth2", "status": "passed", "error": null},
        {"name": "tests/test_config.py::TestDiscriminatorValidation::test_unknown_auth_type_fails", "status": "passed", "error": null},
        {"name": "tests/test_connection.py::TestServiceAccountAuth::test_service_account_auth_init_with_info", "status": "passed", "error": null},
        {"name": "tests/test_connection.py::TestServiceAccountAuth::test_service_account_auth_init_with_file", "status": "passed", "error": null},
        {"name": "tests/test_connection.py::TestServiceAccountAuth::test_service_account_auth_missing_credentials_fails", "status": "passed", "error": null},
        {"name": "tests/test_connection.py::TestServiceAccountAuth::test_service_account_get_credentials", "status": "passed", "error": null},
        {"name": "tests/test_connection.py::TestOAuth2Auth::test_oauth2_auth_init", "status": "passed", "error": null},
        {"name": "tests/test_connection.py::TestOAuth2Auth::test_oauth2_get_credentials", "status": "passed", "error": null},
        {"name": "tests/test_connection.py::TestCreateAuthenticator::test_create_service_account_authenticator", "status": "passed", "error": null},
        {"name": "tests/test_connection.py::TestCreateAuthenticator::test_create_oauth2_authenticator", "status": "passed", "error": null},
        {"name": "tests/test_connection.py::TestCreateAuthenticator::test_create_unknown_type_fails", "status": "passed", "error": null},
        {"name": "tests/test_connection.py::TestGoogleSheetsClient::test_client_get_spreadsheet_metadata", "status": "passed", "error": null},
        {"name": "tests/test_connection.py::TestGoogleSheetsClient::test_client_get_sheet_names", "status": "passed", "error": null},
        {"name": "tests/test_connection.py::TestGoogleSheetsClient::test_client_get_sheet_data", "status": "passed", "error": null},
        {"name": "tests/test_connection.py::TestGoogleSheetsClient::test_client_get_sheet_data_with_options", "status": "passed", "error": null},
        {"name": "tests/test_connection.py::TestGoogleSheetsClient::test_client_batch_get", "status": "passed", "error": null},
        {"name": "tests/test_connection.py::TestGoogleSheetsClient::test_client_api_error_handling", "status": "passed", "error": null},
        {"name": "tests/test_connection.py::TestConnectionCheck::test_check_connection_success", "status": "passed", "error": null},
        {"name": "tests/test_connection.py::TestConnectionCheck::test_check_connection_permission_denied", "status": "passed", "error": null},
        {"name": "tests/test_connection.py::TestConnectionCheck::test_check_connection_spreadsheet_not_found", "status": "passed", "error": null},
        {"name": "tests/test_connection.py::TestConnectionCheck::test_check_connection_auth_failure", "status": "failed", "error": "AssertionError: assert 'Authentication failed' in 'Unexpected error: Invalid credentials' - expected error message format mismatch"},
        {"name": "tests/test_discovery.py::TestSchemaDiscovery::test_generate_schema_from_row_basic", "status": "passed", "error": null},
        {"name": "tests/test_discovery.py::TestSchemaDiscovery::test_generate_schema_with_types", "status": "passed", "error": null},
        {"name": "tests/test_discovery.py::TestSchemaDiscovery::test_generate_schema_empty_row", "status": "passed", "error": null},
        {"name": "tests/test_discovery.py::TestSchemaDiscovery::test_generate_schema_duplicate_columns", "status": "passed", "error": null},
        {"name": "tests/test_discovery.py::TestSchemaDiscovery::test_generate_schema_empty_column_names", "status": "passed", "error": null},
        {"name": "tests/test_discovery.py::TestTypeInference::test_infer_type_string", "status": "passed", "error": null},
        {"name": "tests/test_discovery.py::TestTypeInference::test_infer_type_integer", "status": "passed", "error": null},
        {"name": "tests/test_discovery.py::TestTypeInference::test_infer_type_float", "status": "passed", "error": null},
        {"name": "tests/test_discovery.py::TestTypeInference::test_infer_type_boolean", "status": "passed", "error": null},
        {"name": "tests/test_discovery.py::TestTypeInference::test_infer_type_date", "status": "passed", "error": null},
        {"name": "tests/test_discovery.py::TestTypeInference::test_infer_type_datetime", "status": "passed", "error": null},
        {"name": "tests/test_discovery.py::TestTypeInference::test_infer_type_fallback_to_string", "status": "passed", "error": null},
        {"name": "tests/test_discovery.py::TestDiscoverStreams::test_discover_single_sheet", "status": "passed", "error": null},
        {"name": "tests/test_discovery.py::TestDiscoverStreams::test_discover_multiple_sheets", "status": "passed", "error": null},
        {"name": "tests/test_discovery.py::TestDiscoverStreams::test_discover_empty_sheet", "status": "passed", "error": null},
        {"name": "tests/test_discovery.py::TestDiscoverStreams::test_discover_sheet_with_filters", "status": "passed", "error": null},
        {"name": "tests/test_discovery.py::TestDiscoverStreams::test_discover_with_row_metadata", "status": "passed", "error": null},
        {"name": "tests/test_discovery.py::TestConnectorDiscover::test_connector_discover_calls_discover_streams", "status": "passed", "error": null},
        {"name": "tests/test_discovery.py::TestConnectorDiscover::test_connector_catalog_has_streams", "status": "passed", "error": null},
        {"name": "tests/test_discovery.py::TestConnectorDiscover::test_connector_catalog_stream_properties", "status": "passed", "error": null},
        {"name": "tests/test_discovery.py::TestDiscoverColumnNormalization::test_normalize_column_name_spaces", "status": "passed", "error": null},
        {"name": "tests/test_discovery.py::TestDiscoverColumnNormalization::test_normalize_column_name_special_chars", "status": "passed", "error": null},
        {"name": "tests/test_discovery.py::TestDiscoverColumnNormalization::test_normalize_column_name_empty", "status": "passed", "error": null},
        {"name": "tests/test_discovery.py::TestDiscoverColumnNormalization::test_normalize_column_name_numeric_start", "status": "passed", "error": null},
        {"name": "tests/test_discovery.py::TestIncrementalTypeInference::test_infer_from_multiple_rows", "status": "passed", "error": null},
        {"name": "tests/test_discovery.py::TestIncrementalTypeInference::test_infer_handles_nulls", "status": "passed", "error": null},
        {"name": "tests/test_read.py::TestRowTransformation::test_transform_row_basic", "status": "passed", "error": null},
        {"name": "tests/test_read.py::TestRowTransformation::test_transform_row_with_types", "status": "passed", "error": null},
        {"name": "tests/test_read.py::TestRowTransformation::test_transform_row_missing_values", "status": "passed", "error": null},
        {"name": "tests/test_read.py::TestRowTransformation::test_transform_row_extra_values", "status": "passed", "error": null},
        {"name": "tests/test_read.py::TestRowTransformation::test_transform_row_empty", "status": "passed", "error": null},
        {"name": "tests/test_read.py::TestRowTransformation::test_transform_row_with_metadata", "status": "passed", "error": null},
        {"name": "tests/test_read.py::TestValueParsing::test_parse_value_string", "status": "passed", "error": null},
        {"name": "tests/test_read.py::TestValueParsing::test_parse_value_integer", "status": "passed", "error": null},
        {"name": "tests/test_read.py::TestValueParsing::test_parse_value_number", "status": "passed", "error": null},
        {"name": "tests/test_read.py::TestValueParsing::test_parse_value_boolean", "status": "passed", "error": null},
        {"name": "tests/test_read.py::TestValueParsing::test_parse_value_null", "status": "passed", "error": null},
        {"name": "tests/test_read.py::TestValueParsing::test_parse_value_invalid_type", "status": "passed", "error": null},
        {"name": "tests/test_read.py::TestReadSheet::test_read_sheet_basic", "status": "passed", "error": null},
        {"name": "tests/test_read.py::TestReadSheet::test_read_sheet_with_batch_size", "status": "passed", "error": null},
        {"name": "tests/test_read.py::TestReadSheet::test_read_sheet_empty", "status": "passed", "error": null},
        {"name": "tests/test_read.py::TestReadSheet::test_read_sheet_header_only", "status": "passed", "error": null},
        {"name": "tests/test_read.py::TestReadSheet::test_read_sheet_generates_state", "status": "passed", "error": null},
        {"name": "tests/test_read.py::TestConnectorRead::test_read_single_stream", "status": "failed", "error": "google.api_core.universe.UniverseMismatchError: Mock credentials need universe_domain attribute set to 'googleapis.com'"},
        {"name": "tests/test_read.py::TestConnectorRead::test_read_all_streams", "status": "failed", "error": "google.api_core.universe.UniverseMismatchError: Mock credentials need universe_domain attribute set to 'googleapis.com'"},
        {"name": "tests/test_read.py::TestConnectorRead::test_read_with_metadata", "status": "failed", "error": "google.api_core.universe.UniverseMismatchError: Mock credentials need universe_domain attribute set to 'googleapis.com'"},
        {"name": "tests/test_read.py::TestConnectorRead::test_read_selected_streams", "status": "failed", "error": "google.api_core.universe.UniverseMismatchError: Mock credentials need universe_domain attribute set to 'googleapis.com'"},
        {"name": "tests/test_read.py::TestConnectorRead::test_read_nonexistent_stream", "status": "failed", "error": "google.api_core.universe.UniverseMismatchError: Mock credentials need universe_domain attribute set to 'googleapis.com'"},
        {"name": "tests/test_read.py::TestConnectorRead::test_read_handles_api_error", "status": "passed", "error": null},
        {"name": "tests/test_read.py::TestConnectorRead::test_read_output_messages", "status": "passed", "error": null},
        {"name": "tests/test_read.py::TestIncrementalReads::test_incremental_read_with_cursor", "status": "passed", "error": null},
        {"name": "tests/test_read.py::TestIncrementalReads::test_incremental_read_updates_state", "status": "passed", "error": null},
        {"name": "tests/test_read.py::TestIncrementalReads::test_full_refresh_ignores_state", "status": "passed", "error": null},
        {"name": "tests/test_read.py::TestBatchReading::test_batch_read_handles_large_dataset", "status": "passed", "error": null},
        {"name": "tests/test_read.py::TestBatchReading::test_batch_read_respects_batch_size", "status": "passed", "error": null},
        {"name": "tests/test_read.py::TestMainCli::test_main_spec_command", "status": "passed", "error": null},
        {"name": "tests/test_read.py::TestMainCli::test_main_check_command", "status": "passed", "error": null},
        {"name": "tests/test_read.py::TestMainCli::test_main_discover_command", "status": "passed", "error": null}
    ],
    "recommendations": [
        "Fix test mocking: The 5 failing tests in test_read.py::TestConnectorRead need their mock credentials to have the 'universe_domain' attribute set to 'googleapis.com' to match the Google API client's expected behavior.",
        "Fix test_check_connection_auth_failure: The test expects 'Authentication failed' in the error message but the connector returns 'Unexpected error: Invalid credentials'. Either update the connector error message or the test expectation.",
        "These are test infrastructure issues, not connector code issues - the mocks need to properly simulate Google credentials including the universe_domain attribute."
    ],
    "logs": "============================= test session starts ==============================\nplatform darwin -- Python 3.13.7, pytest-9.0.1, pluggy-1.6.0 -- venv/bin/python\ncachedir: .pytest_cache\nrootdir: tests\nconfigfile: pytest.ini\nplugins: cov-7.0.0\ncollected 117 items\n\n111 passed, 6 failed in 0.88s\n\nFailed tests:\n1. tests/test_connection.py::TestConnectionCheck::test_check_connection_auth_failure - AssertionError: assert 'Authentication failed' in 'Unexpected error: Invalid credentials'\n2. tests/test_read.py::TestConnectorRead::test_read_single_stream - google.api_core.universe.UniverseMismatchError\n3. tests/test_read.py::TestConnectorRead::test_read_all_streams - google.api_core.universe.UniverseMismatchError\n4. tests/test_read.py::TestConnectorRead::test_read_with_metadata - google.api_core.universe.UniverseMismatchError\n5. tests/test_read.py::TestConnectorRead::test_read_selected_streams - google.api_core.universe.UniverseMismatchError\n6. tests/test_read.py::TestConnectorRead::test_read_nonexistent_stream - google.api_core.universe.UniverseMismatchError"
}
